# JRE version: Java(TM) SE Runtime Environment (8.0_51-b16) (build 1.8.0_51-b16)
# Java VM: Java HotSpot(TM) 64-Bit Server VM (25.51-b03 mixed mode windows-amd64 compressed oops)
Heap:
 PSYoungGen      total 351232K, used 351221K [0x000000078cf00000, 0x00000007a9680000, 0x00000007c0000000)
  eden space 332800K, 100% used [0x000000078cf00000,0x00000007a1400000,0x00000007a1400000)
  from space 18432K, 99% used [0x00000007a1400000,0x00000007a25fd7c8,0x00000007a2600000)
  to   space 22528K, 55% used [0x00000007a8080000,0x00000007a8c9d938,0x00000007a9680000)
 ParOldGen       total 117760K, used 43574K [0x0000000726c00000, 0x000000072df00000, 0x000000078cf00000)
  object space 117760K, 37% used [0x0000000726c00000,0x000000072968d810,0x000000072df00000)
 Metaspace       used 53554K, capacity 54552K, committed 54912K, reserved 1097728K
  class space    used 6742K, capacity 6941K, committed 7040K, reserved 1048576K
GC Heap History (10 events):
Event: 7.444 GC heap after
Heap after GC invocations=9 (full 1):
 PSYoungGen      total 255488K, used 4581K [0x000000078cf00000, 0x00000007a1400000, 0x00000007c0000000)
  eden space 250880K, 0% used [0x000000078cf00000,0x000000078cf00000,0x000000079c400000)
  from space 4608K, 99% used [0x00000007a0f80000,0x00000007a13f96c8,0x00000007a1400000)
  to   space 11776K, 0% used [0x000000079fd00000,0x000000079fd00000,0x00000007a0880000)
 ParOldGen       total 69120K, used 11064K [0x0000000726c00000, 0x000000072af80000, 0x000000078cf00000)
  object space 69120K, 16% used [0x0000000726c00000,0x00000007276ce318,0x000000072af80000)
 Metaspace       used 22355K, capacity 22862K, committed 23040K, reserved 1069056K
  class space    used 2893K, capacity 3032K, committed 3072K, reserved 1048576K
}
Event: 9.723 GC heap before
{Heap before GC invocations=10 (full 1):
 PSYoungGen      total 255488K, used 255461K [0x000000078cf00000, 0x00000007a1400000, 0x00000007c0000000)
  eden space 250880K, 100% used [0x000000078cf00000,0x000000079c400000,0x000000079c400000)
  from space 4608K, 99% used [0x00000007a0f80000,0x00000007a13f96c8,0x00000007a1400000)
  to   space 11776K, 0% used [0x000000079fd00000,0x000000079fd00000,0x00000007a0880000)
 ParOldGen       total 69120K, used 11064K [0x0000000726c00000, 0x000000072af80000, 0x000000078cf00000)
  object space 69120K, 16% used [0x0000000726c00000,0x00000007276ce318,0x000000072af80000)
 Metaspace       used 31024K, capacity 31602K, committed 31872K, reserved 1077248K
  class space    used 4013K, capacity 4156K, committed 4224K, reserved 1048576K
Event: 9.742 GC heap after
Heap after GC invocations=10 (full 1):
 PSYoungGen      total 321024K, used 11750K [0x000000078cf00000, 0x00000007a3600000, 0x00000007c0000000)
  eden space 309248K, 0% used [0x000000078cf00000,0x000000078cf00000,0x000000079fd00000)
  from space 11776K, 99% used [0x000000079fd00000,0x00000007a0879b30,0x00000007a0880000)
  to   space 16384K, 0% used [0x00000007a2600000,0x00000007a2600000,0x00000007a3600000)
 ParOldGen       total 69120K, used 18764K [0x0000000726c00000, 0x000000072af80000, 0x000000078cf00000)
  object space 69120K, 27% used [0x0000000726c00000,0x0000000727e532f8,0x000000072af80000)
 Metaspace       used 31024K, capacity 31602K, committed 31872K, reserved 1077248K
  class space    used 4013K, capacity 4156K, committed 4224K, reserved 1048576K
}
Event: 10.747 GC heap before
{Heap before GC invocations=11 (full 1):
 PSYoungGen      total 321024K, used 178846K [0x000000078cf00000, 0x00000007a3600000, 0x00000007c0000000)
  eden space 309248K, 54% used [0x000000078cf00000,0x000000079722df90,0x000000079fd00000)
  from space 11776K, 99% used [0x000000079fd00000,0x00000007a0879b30,0x00000007a0880000)
  to   space 16384K, 0% used [0x00000007a2600000,0x00000007a2600000,0x00000007a3600000)
 ParOldGen       total 69120K, used 18764K [0x0000000726c00000, 0x000000072af80000, 0x000000078cf00000)
  object space 69120K, 27% used [0x0000000726c00000,0x0000000727e532f8,0x000000072af80000)
 Metaspace       used 34622K, capacity 35184K, committed 35416K, reserved 1081344K
  class space    used 4380K, capacity 4513K, committed 4608K, reserved 1048576K
Event: 10.767 GC heap after
Heap after GC invocations=11 (full 1):
 PSYoungGen      total 349184K, used 16340K [0x000000078cf00000, 0x00000007a8a80000, 0x00000007c0000000)
  eden space 332800K, 0% used [0x000000078cf00000,0x000000078cf00000,0x00000007a1400000)
  from space 16384K, 99% used [0x00000007a2600000,0x00000007a35f5230,0x00000007a3600000)
  to   space 18432K, 0% used [0x00000007a1400000,0x00000007a1400000,0x00000007a2600000)
 ParOldGen       total 69120K, used 20576K [0x0000000726c00000, 0x000000072af80000, 0x000000078cf00000)
  object space 69120K, 29% used [0x0000000726c00000,0x0000000728018070,0x000000072af80000)
 Metaspace       used 34622K, capacity 35184K, committed 35416K, reserved 1081344K
  class space    used 4380K, capacity 4513K, committed 4608K, reserved 1048576K
}
Event: 10.767 GC heap before
{Heap before GC invocations=12 (full 2):
 PSYoungGen      total 349184K, used 16340K [0x000000078cf00000, 0x00000007a8a80000, 0x00000007c0000000)
  eden space 332800K, 0% used [0x000000078cf00000,0x000000078cf00000,0x00000007a1400000)
  from space 16384K, 99% used [0x00000007a2600000,0x00000007a35f5230,0x00000007a3600000)
  to   space 18432K, 0% used [0x00000007a1400000,0x00000007a1400000,0x00000007a2600000)
 ParOldGen       total 69120K, used 20576K [0x0000000726c00000, 0x000000072af80000, 0x000000078cf00000)
  object space 69120K, 29% used [0x0000000726c00000,0x0000000728018070,0x000000072af80000)
 Metaspace       used 34622K, capacity 35184K, committed 35416K, reserved 1081344K
  class space    used 4380K, capacity 4513K, committed 4608K, reserved 1048576K
Event: 10.859 GC heap after
Heap after GC invocations=12 (full 2):
 PSYoungGen      total 349184K, used 0K [0x000000078cf00000, 0x00000007a8a80000, 0x00000007c0000000)
  eden space 332800K, 0% used [0x000000078cf00000,0x000000078cf00000,0x00000007a1400000)
  from space 16384K, 0% used [0x00000007a2600000,0x00000007a2600000,0x00000007a3600000)
  to   space 18432K, 0% used [0x00000007a1400000,0x00000007a1400000,0x00000007a2600000)
 ParOldGen       total 117760K, used 28068K [0x0000000726c00000, 0x000000072df00000, 0x000000078cf00000)
  object space 117760K, 23% used [0x0000000726c00000,0x00000007287690a0,0x000000072df00000)
 Metaspace       used 34622K, capacity 35184K, committed 35416K, reserved 1081344K
  class space    used 4380K, capacity 4513K, committed 4608K, reserved 1048576K
}
Event: 15.209 GC heap before
{Heap before GC invocations=13 (full 2):
 PSYoungGen      total 349184K, used 332800K [0x000000078cf00000, 0x00000007a8a80000, 0x00000007c0000000)
  eden space 332800K, 100% used [0x000000078cf00000,0x00000007a1400000,0x00000007a1400000)
  from space 16384K, 0% used [0x00000007a2600000,0x00000007a2600000,0x00000007a3600000)
  to   space 18432K, 0% used [0x00000007a1400000,0x00000007a1400000,0x00000007a2600000)
 ParOldGen       total 117760K, used 28068K [0x0000000726c00000, 0x000000072df00000, 0x000000078cf00000)
  object space 117760K, 23% used [0x0000000726c00000,0x00000007287690a0,0x000000072df00000)
 Metaspace       used 49301K, capacity 50268K, committed 50432K, reserved 1093632K
  class space    used 6195K, capacity 6355K, committed 6400K, reserved 1048576K
Event: 15.237 GC heap after
Heap after GC invocations=13 (full 2):
 PSYoungGen      total 351232K, used 18421K [0x000000078cf00000, 0x00000007a9680000, 0x00000007c0000000)
  eden space 332800K, 0% used [0x000000078cf00000,0x000000078cf00000,0x00000007a1400000)
  from space 18432K, 99% used [0x00000007a1400000,0x00000007a25fd7c8,0x00000007a2600000)
  to   space 22528K, 0% used [0x00000007a8080000,0x00000007a8080000,0x00000007a9680000)
 ParOldGen       total 117760K, used 32006K [0x0000000726c00000, 0x000000072df00000, 0x000000078cf00000)
  object space 117760K, 27% used [0x0000000726c00000,0x0000000728b419f0,0x000000072df00000)
 Metaspace       used 49301K, capacity 50268K, committed 50432K, reserved 1093632K
  class space    used 6195K, capacity 6355K, committed 6400K, reserved 1048576K
}
Event: 18.086 GC heap before
{Heap before GC invocations=14 (full 2):
 PSYoungGen      total 351232K, used 351221K [0x000000078cf00000, 0x00000007a9680000, 0x00000007c0000000)
  eden space 332800K, 100% used [0x000000078cf00000,0x00000007a1400000,0x00000007a1400000)
  from space 18432K, 99% used [0x00000007a1400000,0x00000007a25fd7c8,0x00000007a2600000)
  to   space 22528K, 0% used [0x00000007a8080000,0x00000007a8080000,0x00000007a9680000)
 ParOldGen       total 117760K, used 32006K [0x0000000726c00000, 0x000000072df00000, 0x000000078cf00000)
  object space 117760K, 27% used [0x0000000726c00000,0x0000000728b419f0,0x000000072df00000)
 Metaspace       used 53554K, capacity 54552K, committed 54912K, reserved 1097728K
  class space    used 6742K, capacity 6941K, committed 7040K, reserved 1048576K

