# JRE version: Java(TM) SE Runtime Environment (8.0_51-b16) (build 1.8.0_51-b16)
# Java VM: Java HotSpot(TM) 64-Bit Server VM (25.51-b03 mixed mode windows-amd64 compressed oops)
Heap:
 PSYoungGen      total 410112K, used 409818K [0x000000078cf00000, 0x00000007b0b80000, 0x00000007c0000000)
  eden space 406016K, 100% used [0x000000078cf00000,0x00000007a5b80000,0x00000007a5b80000)
  from space 4096K, 92% used [0x00000007ae900000,0x00000007aecb69d8,0x00000007aed00000)
  to   space 22528K, 13% used [0x00000007af580000,0x00000007af880040,0x00000007b0b80000)
 ParOldGen       total 171520K, used 51156K [0x0000000726c00000, 0x0000000731380000, 0x000000078cf00000)
  object space 171520K, 29% used [0x0000000726c00000,0x0000000729df50b8,0x0000000731380000)
 Metaspace       used 65323K, capacity 66614K, committed 66816K, reserved 1107968K
  class space    used 8357K, capacity 8612K, committed 8704K, reserved 1048576K
GC Heap History (10 events):
Event: 18.943 GC heap after
Heap after GC invocations=14 (full 2):
 PSYoungGen      total 458752K, used 12539K [0x000000078cf00000, 0x00000007aa780000, 0x00000007c0000000)
  eden space 439808K, 0% used [0x000000078cf00000,0x000000078cf00000,0x00000007a7c80000)
  from space 18944K, 66% used [0x00000007a9500000,0x00000007aa13efa0,0x00000007aa780000)
  to   space 22016K, 0% used [0x00000007a7c80000,0x00000007a7c80000,0x00000007a9200000)
 ParOldGen       total 113664K, used 44039K [0x0000000726c00000, 0x000000072db00000, 0x000000078cf00000)
  object space 113664K, 38% used [0x0000000726c00000,0x0000000729701cc8,0x000000072db00000)
 Metaspace       used 53622K, capacity 54622K, committed 54912K, reserved 1097728K
  class space    used 6748K, capacity 6942K, committed 7040K, reserved 1048576K
}
Event: 20.531 GC heap before
{Heap before GC invocations=15 (full 2):
 PSYoungGen      total 458752K, used 130307K [0x000000078cf00000, 0x00000007aa780000, 0x00000007c0000000)
  eden space 439808K, 26% used [0x000000078cf00000,0x0000000794201d30,0x00000007a7c80000)
  from space 18944K, 66% used [0x00000007a9500000,0x00000007aa13efa0,0x00000007aa780000)
  to   space 22016K, 0% used [0x00000007a7c80000,0x00000007a7c80000,0x00000007a9200000)
 ParOldGen       total 113664K, used 44039K [0x0000000726c00000, 0x000000072db00000, 0x000000078cf00000)
  object space 113664K, 38% used [0x0000000726c00000,0x0000000729701cc8,0x000000072db00000)
 Metaspace       used 57793K, capacity 58846K, committed 59028K, reserved 1101824K
  class space    used 7364K, capacity 7605K, committed 7680K, reserved 1048576K
Event: 20.555 GC heap after
Heap after GC invocations=15 (full 2):
 PSYoungGen      total 461824K, used 15807K [0x000000078cf00000, 0x00000007b2180000, 0x00000007c0000000)
  eden space 439808K, 0% used [0x000000078cf00000,0x000000078cf00000,0x00000007a7c80000)
  from space 22016K, 71% used [0x00000007a7c80000,0x00000007a8befd58,0x00000007a9200000)
  to   space 23040K, 0% used [0x00000007b0b00000,0x00000007b0b00000,0x00000007b2180000)
 ParOldGen       total 113664K, used 44047K [0x0000000726c00000, 0x000000072db00000, 0x000000078cf00000)
  object space 113664K, 38% used [0x0000000726c00000,0x0000000729703cc8,0x000000072db00000)
 Metaspace       used 57793K, capacity 58846K, committed 59028K, reserved 1101824K
  class space    used 7364K, capacity 7605K, committed 7680K, reserved 1048576K
}
Event: 20.555 GC heap before
{Heap before GC invocations=16 (full 3):
 PSYoungGen      total 461824K, used 15807K [0x000000078cf00000, 0x00000007b2180000, 0x00000007c0000000)
  eden space 439808K, 0% used [0x000000078cf00000,0x000000078cf00000,0x00000007a7c80000)
  from space 22016K, 71% used [0x00000007a7c80000,0x00000007a8befd58,0x00000007a9200000)
  to   space 23040K, 0% used [0x00000007b0b00000,0x00000007b0b00000,0x00000007b2180000)
 ParOldGen       total 113664K, used 44047K [0x0000000726c00000, 0x000000072db00000, 0x000000078cf00000)
  object space 113664K, 38% used [0x0000000726c00000,0x0000000729703cc8,0x000000072db00000)
 Metaspace       used 57793K, capacity 58846K, committed 59028K, reserved 1101824K
  class space    used 7364K, capacity 7605K, committed 7680K, reserved 1048576K
Event: 20.903 GC heap after
Heap after GC invocations=16 (full 3):
 PSYoungGen      total 461824K, used 0K [0x000000078cf00000, 0x00000007b2180000, 0x00000007c0000000)
  eden space 439808K, 0% used [0x000000078cf00000,0x000000078cf00000,0x00000007a7c80000)
  from space 22016K, 0% used [0x00000007a7c80000,0x00000007a7c80000,0x00000007a9200000)
  to   space 23040K, 0% used [0x00000007b0b00000,0x00000007b0b00000,0x00000007b2180000)
 ParOldGen       total 171520K, used 51124K [0x0000000726c00000, 0x0000000731380000, 0x000000078cf00000)
  object space 171520K, 29% used [0x0000000726c00000,0x0000000729ded0b8,0x0000000731380000)
 Metaspace       used 57763K, capacity 58798K, committed 59028K, reserved 1101824K
  class space    used 7360K, capacity 7597K, committed 7680K, reserved 1048576K
}
Event: 51538.635 GC heap before
{Heap before GC invocations=17 (full 3):
 PSYoungGen      total 461824K, used 439808K [0x000000078cf00000, 0x00000007b2180000, 0x00000007c0000000)
  eden space 439808K, 100% used [0x000000078cf00000,0x00000007a7c80000,0x00000007a7c80000)
  from space 22016K, 0% used [0x00000007a7c80000,0x00000007a7c80000,0x00000007a9200000)
  to   space 23040K, 0% used [0x00000007b0b00000,0x00000007b0b00000,0x00000007b2180000)
 ParOldGen       total 171520K, used 51124K [0x0000000726c00000, 0x0000000731380000, 0x000000078cf00000)
  object space 171520K, 29% used [0x0000000726c00000,0x0000000729ded0b8,0x0000000731380000)
 Metaspace       used 64864K, capacity 66034K, committed 66176K, reserved 1107968K
  class space    used 8316K, capacity 8554K, committed 8576K, reserved 1048576K
Event: 51538.725 GC heap after
Heap after GC invocations=17 (full 3):
 PSYoungGen      total 431616K, used 9156K [0x000000078cf00000, 0x00000007b1400000, 0x00000007c0000000)
  eden space 422400K, 0% used [0x000000078cf00000,0x000000078cf00000,0x00000007a6b80000)
  from space 9216K, 99% used [0x00000007b0b00000,0x00000007b13f1088,0x00000007b1400000)
  to   space 22016K, 0% used [0x00000007ae900000,0x00000007ae900000,0x00000007afe80000)
 ParOldGen       total 171520K, used 51132K [0x0000000726c00000, 0x0000000731380000, 0x000000078cf00000)
  object space 171520K, 29% used [0x0000000726c00000,0x0000000729def0b8,0x0000000731380000)
 Metaspace       used 64864K, capacity 66034K, committed 66176K, reserved 1107968K
  class space    used 8316K, capacity 8554K, committed 8576K, reserved 1048576K
}
Event: 54849.526 GC heap before
{Heap before GC invocations=18 (full 3):
 PSYoungGen      total 431616K, used 431556K [0x000000078cf00000, 0x00000007b1400000, 0x00000007c0000000)
  eden space 422400K, 100% used [0x000000078cf00000,0x00000007a6b80000,0x00000007a6b80000)
  from space 9216K, 99% used [0x00000007b0b00000,0x00000007b13f1088,0x00000007b1400000)
  to   space 22016K, 0% used [0x00000007ae900000,0x00000007ae900000,0x00000007afe80000)
 ParOldGen       total 171520K, used 51132K [0x0000000726c00000, 0x0000000731380000, 0x000000078cf00000)
  object space 171520K, 29% used [0x0000000726c00000,0x0000000729def0b8,0x0000000731380000)
 Metaspace       used 65221K, capacity 66486K, committed 66816K, reserved 1107968K
  class space    used 8357K, capacity 8612K, committed 8704K, reserved 1048576K
Event: 54849.588 GC heap after
Heap after GC invocations=18 (full 3):
 PSYoungGen      total 410112K, used 3802K [0x000000078cf00000, 0x00000007b0b80000, 0x00000007c0000000)
  eden space 406016K, 0% used [0x000000078cf00000,0x000000078cf00000,0x00000007a5b80000)
  from space 4096K, 92% used [0x00000007ae900000,0x00000007aecb69d8,0x00000007aed00000)
  to   space 22528K, 0% used [0x00000007af580000,0x00000007af580000,0x00000007b0b80000)
 ParOldGen       total 171520K, used 51148K [0x0000000726c00000, 0x0000000731380000, 0x000000078cf00000)
  object space 171520K, 29% used [0x0000000726c00000,0x0000000729df30b8,0x0000000731380000)
 Metaspace       used 65221K, capacity 66486K, committed 66816K, reserved 1107968K
  class space    used 8357K, capacity 8612K, committed 8704K, reserved 1048576K
}
Event: 58317.308 GC heap before
{Heap before GC invocations=19 (full 3):
 PSYoungGen      total 410112K, used 409818K [0x000000078cf00000, 0x00000007b0b80000, 0x00000007c0000000)
  eden space 406016K, 100% used [0x000000078cf00000,0x00000007a5b80000,0x00000007a5b80000)
  from space 4096K, 92% used [0x00000007ae900000,0x00000007aecb69d8,0x00000007aed00000)
  to   space 22528K, 0% used [0x00000007af580000,0x00000007af580000,0x00000007b0b80000)
 ParOldGen       total 171520K, used 51148K [0x0000000726c00000, 0x0000000731380000, 0x000000078cf00000)
  object space 171520K, 29% used [0x0000000726c00000,0x0000000729df30b8,0x0000000731380000)
 Metaspace       used 65323K, capacity 66614K, committed 66816K, reserved 1107968K
  class space    used 8357K, capacity 8612K, committed 8704K, reserved 1048576K

